<?xml version="1.0" encoding="UTF-8"?>
<testsuite xmlns:xsi="http://www.w3.org/2001/XMLSchema-instance" xsi:noNamespaceSchemaLocation="https://maven.apache.org/surefire/maven-surefire-plugin/xsd/surefire-test-report.xsd" version="3.0.2" name="com.fiap.project_bookstore_mvc.repositories.BookRepositoryTest" time="0.011" tests="1" errors="0" skipped="0" failures="0">
  <properties>
[...]
</properties>
  <testcase name="save_shouldPersistBookWhenValidAndReturnWhenFindById" classname="com.fiap.project_bookstore_mvc.repositories.BookRepositoryTest" time="0.005">
    <system-out><![CDATA[2025-10-04T22:22:00.540-03:00  INFO 5062 --- [project-bookstore-mvc] [           main] t.c.s.AnnotationConfigContextLoaderUtils : Could not detect default configuration classes for test class [com.fiap.project_bookstore_mvc.repositories.BookRepositoryTest]: BookRepositoryTest does not declare any static, non-private, non-final, nested classes annotated with @Configuration.
2025-10-04T22:22:00.542-03:00  INFO 5062 --- [project-bookstore-mvc] [           main] .b.t.c.SpringBootTestContextBootstrapper : Found @SpringBootConfiguration com.fiap.project_bookstore_mvc.ProjectBookstoreMvcApplication for test class com.fiap.project_bookstore_mvc.repositories.BookRepositoryTest
Hibernate: insert into authors (email,name,id) values (?,?,default)
Hibernate: insert into books (author_id,isbn,title,id) values (?,?,?,default)
]]></system-out>
  </testcase>
</testsuite>